<?xml version="1.0" encoding="UTF-8"?>
<!-- Generated by org.testng.reporters.JUnitReportReporter -->
<testsuite hostname="DESKTOP-QNR4PHQ" failures="0" tests="1" name="com.test.actitime.CreateLeaveLogout" time="20.229" errors="0" timestamp="2022-07-22T21:04:47 IST" skipped="0">
  <testcase classname="com.test.actitime.CreateLeaveLogout" name="createleavetype" time="20.229"/>
  <system-out/>
</testsuite> <!-- com.test.actitime.CreateLeaveLogout -->
